2022-09-06 14:12:14,baseAPI(line:32),INFO|模块名:Login
2022-09-06 14:12:14,baseAPI(line:33),INFO|请求url:http://121.41.14.39:8082/account/sLogin?username=th0198&password=c607d58e3618832f937d80d500a6046c
2022-09-06 14:12:14,baseAPI(line:34),INFO|请求方法:POST
2022-09-06 14:12:14,baseAPI(line:35),INFO|请求体:None
2022-09-06 14:12:14,baseAPI(line:36),INFO|响应体:{'code': 20000, 'data': {'token': 'eyJ0eXAiOiJKV1QiLCJhbGciOiJIUzI1NiJ9.eyJleHAiOjE2NjI0NDgzMzQsInVzZXJJZCI6MTA3MDIsInVzZXJuYW1lIjoidGgwMTk4In0.1rCUKvjZaU1Dc29RTWQ8D9uDh7bX80_OCX12spCjcgs'}, 'flag': '松勤教育', 'msg': '成功', 'success': False}
2022-09-06 14:12:14,apiAssert(line:31),INFO|登录断言操作,断言类型:==,断言结果:断言操作，响应结果：成功，预期结果：成功
2022-09-06 14:12:14,baseAPI(line:32),INFO|模块名:Login
2022-09-06 14:12:14,baseAPI(line:33),INFO|请求url:http://121.41.14.39:8082/account/sLogin?username=th0198&password=d41d8cd98f00b204e9800998ecf8427e
2022-09-06 14:12:14,baseAPI(line:34),INFO|请求方法:POST
2022-09-06 14:12:14,baseAPI(line:35),INFO|请求体:None
2022-09-06 14:12:14,baseAPI(line:36),INFO|响应体:{'code': 9999, 'data': '', 'flag': '松勤教育', 'msg': '输入的密码错误!', 'success': False}
2022-09-06 14:12:14,apiAssert(line:31),INFO|登录断言操作,断言类型:==,断言结果:断言操作，响应结果：输入的密码错误!，预期结果：输入的密码错误!
2022-09-06 14:12:14,baseAPI(line:32),INFO|模块名:Login
2022-09-06 14:12:14,baseAPI(line:33),INFO|请求url:http://121.41.14.39:8082/account/sLogin?username=&password=c607d58e3618832f937d80d500a6046c
2022-09-06 14:12:14,baseAPI(line:34),INFO|请求方法:POST
2022-09-06 14:12:14,baseAPI(line:35),INFO|请求体:None
2022-09-06 14:12:14,baseAPI(line:36),INFO|响应体:{'code': 9999, 'data': '', 'flag': '松勤教育', 'msg': '该用户不存在!', 'success': False}
2022-09-06 14:12:14,apiAssert(line:31),INFO|登录断言操作,断言类型:==,断言结果:断言操作，响应结果：该用户不存在!，预期结果：该用户不存在!
2022-09-06 14:12:14,baseAPI(line:32),INFO|模块名:Login
2022-09-06 14:12:14,baseAPI(line:33),INFO|请求url:http://121.41.14.39:8082/account/sLogin?username=&password=d41d8cd98f00b204e9800998ecf8427e
2022-09-06 14:12:14,baseAPI(line:34),INFO|请求方法:POST
2022-09-06 14:12:14,baseAPI(line:35),INFO|请求体:None
2022-09-06 14:12:14,baseAPI(line:36),INFO|响应体:{'code': 9999, 'data': '', 'flag': '松勤教育', 'msg': '该用户不存在!', 'success': False}
2022-09-06 14:12:14,apiAssert(line:31),INFO|登录断言操作,断言类型:==,断言结果:断言操作，响应结果：该用户不存在!，预期结果：该用户不存在!
2022-09-06 14:12:14,baseAPI(line:32),INFO|模块名:Login
2022-09-06 14:12:14,baseAPI(line:33),INFO|请求url:http://121.41.14.39:8082/account/sLogin?username=th0198&password=68053af2923e00204c3ca7c6a3150cf7
2022-09-06 14:12:14,baseAPI(line:34),INFO|请求方法:POST
2022-09-06 14:12:14,baseAPI(line:35),INFO|请求体:None
2022-09-06 14:12:14,baseAPI(line:36),INFO|响应体:{'code': 9999, 'data': '', 'flag': '松勤教育', 'msg': '输入的密码错误!', 'success': False}
2022-09-06 14:12:14,apiAssert(line:31),INFO|登录断言操作,断言类型:==,断言结果:断言操作，响应结果：输入的密码错误!，预期结果：输入的密码错误!
2022-09-06 14:12:14,baseAPI(line:32),INFO|模块名:Login
2022-09-06 14:12:14,baseAPI(line:33),INFO|请求url:http://121.41.14.39:8082/account/sLogin?username=abcde&password=c607d58e3618832f937d80d500a6046c
2022-09-06 14:12:14,baseAPI(line:34),INFO|请求方法:POST
2022-09-06 14:12:14,baseAPI(line:35),INFO|请求体:None
2022-09-06 14:12:14,baseAPI(line:36),INFO|响应体:{'code': 9999, 'data': '', 'flag': '松勤教育', 'msg': '该用户不存在!', 'success': False}
2022-09-06 14:12:14,apiAssert(line:31),INFO|登录断言操作,断言类型:==,断言结果:断言操作，响应结果：该用户不存在!，预期结果：该用户不存在!
